{"level":"debug","time":"2019-02-18T17:59:07+08:00","message":"register route: \"GET    -> /static/*\"."}
{"level":"debug","time":"2019-02-18T17:59:07+08:00","message":"register route: \"GET    -> /version\"."}
{"level":"debug","time":"2019-02-18T17:59:07+08:00","message":"register route: \"GET    -> /admin/captcha\"."}
{"level":"debug","time":"2019-02-18T17:59:07+08:00","message":"register route: \"POST   -> /admin/sessions\"."}
{"level":"debug","time":"2019-02-18T17:59:07+08:00","message":"register route: \"GET    -> /admin/sessions/current\"."}
{"level":"debug","time":"2019-02-18T17:59:07+08:00","message":"register route: \"GET    -> /admin/logs\"."}
{"level":"debug","time":"2019-02-18T17:59:07+08:00","message":"register route: \"POST   -> /user/upload\"."}
{"level":"debug","time":"2019-02-18T17:59:07+08:00","message":"register route: \"GET    -> /user/verify/email/<email_account>\"."}
{"level":"debug","time":"2019-02-18T17:59:07+08:00","message":"register route: \"GET    -> /user/verify/mobile/<mobile_account>\"."}
{"level":"debug","time":"2019-02-18T17:59:07+08:00","message":"register route: \"POST   -> /user/register\"."}
{"level":"debug","time":"2019-02-18T17:59:07+08:00","message":"register route: \"POST   -> /user/login\"."}
{"level":"debug","time":"2019-02-18T17:59:07+08:00","message":"register route: \"GET    -> /user/sessions/<session_id>\"."}
{"level":"debug","time":"2019-02-18T17:59:07+08:00","message":"register route: \"PATCH  -> /user/information/<user_id>\"."}
{"level":"debug","time":"2019-02-18T17:59:07+08:00","message":"register route: \"PATCH  -> /user/info/mobile\"."}
{"level":"debug","time":"2019-02-18T17:59:07+08:00","message":"register route: \"PATCH  -> /user/password/<user_id>\"."}
{"level":"debug","time":"2019-02-18T17:59:07+08:00","message":"register route: \"POST   -> /user/contact\"."}
{"level":"debug","time":"2019-02-18T17:59:07+08:00","message":"register route: \"GET    -> /article/articles/<article_id>\"."}
{"level":"debug","time":"2019-02-18T17:59:07+08:00","message":"register route: \"GET    -> /article/articles\"."}
{"level":"debug","time":"2019-02-18T17:59:07+08:00","message":"register route: \"POST   -> /article/add\"."}
{"level":"debug","time":"2019-02-18T17:59:07+08:00","message":"register route: \"POST   -> /article/verify\"."}
{"level":"debug","time":"2019-02-18T17:59:07+08:00","message":"register route: \"GET    -> /article/arts/my\"."}
{"level":"debug","time":"2019-02-18T17:59:07+08:00","message":"register route: \"GET    -> /article/version/<article_id>\"."}
{"level":"debug","time":"2019-02-18T17:59:07+08:00","message":"register route: \"GET    -> /article/view/<article_id>/<version>\"."}
{"level":"debug","time":"2019-02-18T17:59:07+08:00","message":"register route: \"POST   -> /article/restore\"."}
{"level":"debug","time":"2019-02-18T17:59:07+08:00","message":"register route: \"DELETE -> /article/<article_id>\"."}
{"level":"debug","time":"2019-02-18T17:59:07+08:00","message":"register route: \"GET    -> /article/likes/<likes_content>\"."}
{"level":"debug","time":"2019-02-18T17:59:07+08:00","message":"register route: \"POST   -> /article/update/<session_id>\"."}
{"level":"debug","time":"2019-02-18T17:59:07+08:00","message":"register route: \"PATCH  -> /article/<article_id>/like\"."}
{"level":"debug","time":"2019-02-18T17:59:07+08:00","message":"register route: \"GET    -> /article/<article_id>/like\"."}
{"level":"debug","time":"2019-02-18T17:59:07+08:00","message":"register route: \"PATCH  -> /article/<article_id>\"."}
{"level":"debug","time":"2019-02-18T17:59:07+08:00","message":"register route: \"PATCH  -> /article/<article_id>/Authorization\"."}
{"level":"debug","time":"2019-02-18T17:59:07+08:00","message":"register route: \"GET    -> /friend/users\"."}
{"level":"debug","time":"2019-02-21T17:08:54+08:00","message":"register route: \"GET    -> /static/*\"."}
{"level":"debug","time":"2019-02-21T17:08:54+08:00","message":"register route: \"GET    -> /version\"."}
{"level":"debug","time":"2019-02-21T17:08:54+08:00","message":"register route: \"GET    -> /admin/captcha\"."}
{"level":"debug","time":"2019-02-21T17:08:54+08:00","message":"register route: \"POST   -> /admin/sessions\"."}
{"level":"debug","time":"2019-02-21T17:08:54+08:00","message":"register route: \"GET    -> /admin/backups\"."}
{"level":"debug","time":"2019-02-21T17:08:54+08:00","message":"register route: \"POST   -> /admin/backups\"."}
{"level":"debug","time":"2019-02-21T17:08:54+08:00","message":"register route: \"POST   -> /admin/restores\"."}
{"level":"debug","time":"2019-02-21T17:08:54+08:00","message":"register route: \"PATCH  -> /admin/schedules/<key>\"."}
{"level":"debug","time":"2019-02-21T17:08:54+08:00","message":"register route: \"GET    -> /admin/schedules/<key>\"."}
{"level":"debug","time":"2019-02-21T17:08:54+08:00","message":"register route: \"GET    -> /admin/statistics\"."}
{"level":"debug","time":"2019-02-21T17:08:54+08:00","message":"register route: \"GET    -> /admin/logs\"."}
{"level":"debug","time":"2019-02-21T17:08:54+08:00","message":"register route: \"GET    -> /admin/sessions/current\"."}
{"level":"debug","time":"2019-02-21T17:08:54+08:00","message":"register route: \"GET    -> /admin/users\"."}
{"level":"debug","time":"2019-02-21T17:08:54+08:00","message":"register route: \"PATCH  -> /admin/users/status\"."}
{"level":"debug","time":"2019-02-21T17:08:54+08:00","message":"register route: \"GET    -> /admin/articles/<art_id>\"."}
{"level":"debug","time":"2019-02-21T17:08:54+08:00","message":"register route: \"GET    -> /admin/articles\"."}
{"level":"debug","time":"2019-02-21T17:08:54+08:00","message":"register route: \"DELETE -> /admin/articles/<art_id>\"."}
{"level":"debug","time":"2019-02-21T17:08:54+08:00","message":"register route: \"POST   -> /admin/sorts\"."}
{"level":"debug","time":"2019-02-21T17:08:54+08:00","message":"register route: \"DELETE -> /admin/sorts/<sort_id>\"."}
{"level":"debug","time":"2019-02-21T17:08:54+08:00","message":"register route: \"GET    -> /admin/sorts\"."}
{"level":"debug","time":"2019-02-21T17:08:54+08:00","message":"register route: \"POST   -> /user/upload\"."}
{"level":"debug","time":"2019-02-21T17:08:54+08:00","message":"register route: \"GET    -> /user/verify/email/<email_account>\"."}
{"level":"debug","time":"2019-02-21T17:08:54+08:00","message":"register route: \"GET    -> /user/verify/mobile/<mobile_account>\"."}
{"level":"debug","time":"2019-02-21T17:08:54+08:00","message":"register route: \"POST   -> /user/register\"."}
{"level":"debug","time":"2019-02-21T17:08:54+08:00","message":"register route: \"POST   -> /user/login\"."}
{"level":"debug","time":"2019-02-21T17:08:54+08:00","message":"register route: \"GET    -> /user/sessions/<session_id>\"."}
{"level":"debug","time":"2019-02-21T17:08:54+08:00","message":"register route: \"PATCH  -> /user/information/<user_id>\"."}
{"level":"debug","time":"2019-02-21T17:08:54+08:00","message":"register route: \"PATCH  -> /user/info/mobile\"."}
{"level":"debug","time":"2019-02-21T17:08:54+08:00","message":"register route: \"PATCH  -> /user/password/<user_id>\"."}
{"level":"debug","time":"2019-02-21T17:08:54+08:00","message":"register route: \"POST   -> /user/contact\"."}
{"level":"debug","time":"2019-02-21T17:08:54+08:00","message":"register route: \"GET    -> /article/articles/<article_id>\"."}
{"level":"debug","time":"2019-02-21T17:08:54+08:00","message":"register route: \"GET    -> /article/articles\"."}
{"level":"debug","time":"2019-02-21T17:08:54+08:00","message":"register route: \"POST   -> /article/add\"."}
{"level":"debug","time":"2019-02-21T17:08:54+08:00","message":"register route: \"POST   -> /article/verify\"."}
{"level":"debug","time":"2019-02-21T17:08:54+08:00","message":"register route: \"GET    -> /article/arts/my\"."}
{"level":"debug","time":"2019-02-21T17:08:54+08:00","message":"register route: \"GET    -> /article/version/<article_id>\"."}
{"level":"debug","time":"2019-02-21T17:08:54+08:00","message":"register route: \"GET    -> /article/view/<article_id>/<version>\"."}
{"level":"debug","time":"2019-02-21T17:08:54+08:00","message":"register route: \"POST   -> /article/restore\"."}
{"level":"debug","time":"2019-02-21T17:08:54+08:00","message":"register route: \"DELETE -> /article/<article_id>\"."}
{"level":"debug","time":"2019-02-21T17:08:54+08:00","message":"register route: \"GET    -> /article/likes/<likes_content>\"."}
{"level":"debug","time":"2019-02-21T17:08:54+08:00","message":"register route: \"POST   -> /article/update/<session_id>\"."}
{"level":"debug","time":"2019-02-21T17:08:54+08:00","message":"register route: \"PATCH  -> /article/<article_id>/like\"."}
{"level":"debug","time":"2019-02-21T17:08:54+08:00","message":"register route: \"GET    -> /article/<article_id>/like\"."}
{"level":"debug","time":"2019-02-21T17:08:54+08:00","message":"register route: \"PATCH  -> /article/<article_id>\"."}
{"level":"debug","time":"2019-02-21T17:08:54+08:00","message":"register route: \"PATCH  -> /article/<article_id>/Authorization\"."}
{"level":"debug","time":"2019-02-21T17:08:54+08:00","message":"register route: \"POST   -> /article/<art_id>/comment\"."}
{"level":"debug","time":"2019-02-21T17:08:54+08:00","message":"register route: \"POST   -> /article/comments/<com_id>/reply\"."}
{"level":"debug","time":"2019-02-21T17:08:54+08:00","message":"register route: \"GET    -> /article/<art_id>/comments\"."}
{"level":"debug","time":"2019-02-21T17:08:54+08:00","message":"register route: \"GET    -> /friend/users\"."}
{"level":"debug","time":"2019-02-21T17:12:12+08:00","message":"register route: \"GET    -> /static/*\"."}
{"level":"debug","time":"2019-02-21T17:12:12+08:00","message":"register route: \"GET    -> /version\"."}
{"level":"debug","time":"2019-02-21T17:12:12+08:00","message":"register route: \"GET    -> /admin/captcha\"."}
{"level":"debug","time":"2019-02-21T17:12:12+08:00","message":"register route: \"POST   -> /admin/sessions\"."}
{"level":"debug","time":"2019-02-21T17:12:12+08:00","message":"register route: \"GET    -> /admin/backups\"."}
{"level":"debug","time":"2019-02-21T17:12:12+08:00","message":"register route: \"POST   -> /admin/backups\"."}
{"level":"debug","time":"2019-02-21T17:12:12+08:00","message":"register route: \"POST   -> /admin/restores\"."}
{"level":"debug","time":"2019-02-21T17:12:12+08:00","message":"register route: \"PATCH  -> /admin/schedules/<key>\"."}
{"level":"debug","time":"2019-02-21T17:12:12+08:00","message":"register route: \"GET    -> /admin/schedules/<key>\"."}
{"level":"debug","time":"2019-02-21T17:12:12+08:00","message":"register route: \"GET    -> /admin/statistics\"."}
{"level":"debug","time":"2019-02-21T17:12:12+08:00","message":"register route: \"GET    -> /admin/logs\"."}
{"level":"debug","time":"2019-02-21T17:12:12+08:00","message":"register route: \"GET    -> /admin/sessions/current\"."}
{"level":"debug","time":"2019-02-21T17:12:12+08:00","message":"register route: \"GET    -> /admin/users\"."}
{"level":"debug","time":"2019-02-21T17:12:12+08:00","message":"register route: \"PATCH  -> /admin/users/status\"."}
{"level":"debug","time":"2019-02-21T17:12:12+08:00","message":"register route: \"GET    -> /admin/articles/<art_id>\"."}
{"level":"debug","time":"2019-02-21T17:12:12+08:00","message":"register route: \"GET    -> /admin/articles\"."}
{"level":"debug","time":"2019-02-21T17:12:12+08:00","message":"register route: \"DELETE -> /admin/articles/<art_id>\"."}
{"level":"debug","time":"2019-02-21T17:12:12+08:00","message":"register route: \"POST   -> /admin/sorts\"."}
{"level":"debug","time":"2019-02-21T17:12:12+08:00","message":"register route: \"DELETE -> /admin/sorts/<sort_id>\"."}
{"level":"debug","time":"2019-02-21T17:12:12+08:00","message":"register route: \"GET    -> /admin/sorts\"."}
{"level":"debug","time":"2019-02-21T17:12:12+08:00","message":"register route: \"POST   -> /user/upload\"."}
{"level":"debug","time":"2019-02-21T17:12:12+08:00","message":"register route: \"GET    -> /user/verify/email/<email_account>\"."}
{"level":"debug","time":"2019-02-21T17:12:12+08:00","message":"register route: \"GET    -> /user/verify/mobile/<mobile_account>\"."}
{"level":"debug","time":"2019-02-21T17:12:12+08:00","message":"register route: \"POST   -> /user/register\"."}
{"level":"debug","time":"2019-02-21T17:12:12+08:00","message":"register route: \"POST   -> /user/login\"."}
{"level":"debug","time":"2019-02-21T17:12:12+08:00","message":"register route: \"GET    -> /user/sessions/<session_id>\"."}
{"level":"debug","time":"2019-02-21T17:12:12+08:00","message":"register route: \"PATCH  -> /user/information/<user_id>\"."}
{"level":"debug","time":"2019-02-21T17:12:12+08:00","message":"register route: \"PATCH  -> /user/info/mobile\"."}
{"level":"debug","time":"2019-02-21T17:12:12+08:00","message":"register route: \"PATCH  -> /user/password/<user_id>\"."}
{"level":"debug","time":"2019-02-21T17:12:12+08:00","message":"register route: \"POST   -> /user/contact\"."}
{"level":"debug","time":"2019-02-21T17:12:12+08:00","message":"register route: \"GET    -> /article/articles/<article_id>\"."}
{"level":"debug","time":"2019-02-21T17:12:12+08:00","message":"register route: \"GET    -> /article/articles\"."}
{"level":"debug","time":"2019-02-21T17:12:12+08:00","message":"register route: \"POST   -> /article/add\"."}
{"level":"debug","time":"2019-02-21T17:12:12+08:00","message":"register route: \"POST   -> /article/verify\"."}
{"level":"debug","time":"2019-02-21T17:12:12+08:00","message":"register route: \"GET    -> /article/arts/my\"."}
{"level":"debug","time":"2019-02-21T17:12:12+08:00","message":"register route: \"GET    -> /article/version/<article_id>\"."}
{"level":"debug","time":"2019-02-21T17:12:12+08:00","message":"register route: \"GET    -> /article/view/<article_id>/<version>\"."}
{"level":"debug","time":"2019-02-21T17:12:12+08:00","message":"register route: \"POST   -> /article/restore\"."}
{"level":"debug","time":"2019-02-21T17:12:12+08:00","message":"register route: \"DELETE -> /article/<article_id>\"."}
{"level":"debug","time":"2019-02-21T17:12:12+08:00","message":"register route: \"GET    -> /article/likes/<likes_content>\"."}
{"level":"debug","time":"2019-02-21T17:12:12+08:00","message":"register route: \"POST   -> /article/update/<session_id>\"."}
{"level":"debug","time":"2019-02-21T17:12:12+08:00","message":"register route: \"PATCH  -> /article/<article_id>/like\"."}
{"level":"debug","time":"2019-02-21T17:12:12+08:00","message":"register route: \"GET    -> /article/<article_id>/like\"."}
{"level":"debug","time":"2019-02-21T17:12:12+08:00","message":"register route: \"PATCH  -> /article/<article_id>\"."}
{"level":"debug","time":"2019-02-21T17:12:12+08:00","message":"register route: \"PATCH  -> /article/<article_id>/Authorization\"."}
{"level":"debug","time":"2019-02-21T17:12:12+08:00","message":"register route: \"POST   -> /article/<art_id>/comment\"."}
{"level":"debug","time":"2019-02-21T17:12:12+08:00","message":"register route: \"POST   -> /article/comments/<com_id>/reply\"."}
{"level":"debug","time":"2019-02-21T17:12:12+08:00","message":"register route: \"GET    -> /article/<art_id>/comments\"."}
{"level":"debug","time":"2019-02-21T17:12:12+08:00","message":"register route: \"GET    -> /friend/users\"."}
{"level":"debug","time":"2019-02-21T17:14:06+08:00","message":"register route: \"GET    -> /static/*\"."}
{"level":"debug","time":"2019-02-21T17:14:06+08:00","message":"register route: \"GET    -> /version\"."}
{"level":"debug","time":"2019-02-21T17:14:06+08:00","message":"register route: \"GET    -> /admin/captcha\"."}
{"level":"debug","time":"2019-02-21T17:14:06+08:00","message":"register route: \"POST   -> /admin/sessions\"."}
{"level":"debug","time":"2019-02-21T17:14:06+08:00","message":"register route: \"GET    -> /admin/backups\"."}
{"level":"debug","time":"2019-02-21T17:14:06+08:00","message":"register route: \"POST   -> /admin/backups\"."}
{"level":"debug","time":"2019-02-21T17:14:06+08:00","message":"register route: \"POST   -> /admin/restores\"."}
{"level":"debug","time":"2019-02-21T17:14:06+08:00","message":"register route: \"PATCH  -> /admin/schedules/<key>\"."}
{"level":"debug","time":"2019-02-21T17:14:06+08:00","message":"register route: \"GET    -> /admin/schedules/<key>\"."}
{"level":"debug","time":"2019-02-21T17:14:06+08:00","message":"register route: \"GET    -> /admin/statistics\"."}
{"level":"debug","time":"2019-02-21T17:14:06+08:00","message":"register route: \"GET    -> /admin/logs\"."}
{"level":"debug","time":"2019-02-21T17:14:06+08:00","message":"register route: \"GET    -> /admin/sessions/current\"."}
{"level":"debug","time":"2019-02-21T17:14:06+08:00","message":"register route: \"GET    -> /admin/users\"."}
{"level":"debug","time":"2019-02-21T17:14:06+08:00","message":"register route: \"PATCH  -> /admin/users/status\"."}
{"level":"debug","time":"2019-02-21T17:14:06+08:00","message":"register route: \"GET    -> /admin/articles/<art_id>\"."}
{"level":"debug","time":"2019-02-21T17:14:06+08:00","message":"register route: \"GET    -> /admin/articles\"."}
{"level":"debug","time":"2019-02-21T17:14:06+08:00","message":"register route: \"DELETE -> /admin/articles/<art_id>\"."}
{"level":"debug","time":"2019-02-21T17:14:06+08:00","message":"register route: \"POST   -> /admin/sorts\"."}
{"level":"debug","time":"2019-02-21T17:14:06+08:00","message":"register route: \"DELETE -> /admin/sorts/<sort_id>\"."}
{"level":"debug","time":"2019-02-21T17:14:06+08:00","message":"register route: \"GET    -> /admin/sorts\"."}
{"level":"debug","time":"2019-02-21T17:14:06+08:00","message":"register route: \"POST   -> /user/upload\"."}
{"level":"debug","time":"2019-02-21T17:14:06+08:00","message":"register route: \"GET    -> /user/verify/email/<email_account>\"."}
{"level":"debug","time":"2019-02-21T17:14:06+08:00","message":"register route: \"GET    -> /user/verify/mobile/<mobile_account>\"."}
{"level":"debug","time":"2019-02-21T17:14:06+08:00","message":"register route: \"POST   -> /user/register\"."}
{"level":"debug","time":"2019-02-21T17:14:06+08:00","message":"register route: \"POST   -> /user/login\"."}
{"level":"debug","time":"2019-02-21T17:14:06+08:00","message":"register route: \"GET    -> /user/sessions/<session_id>\"."}
{"level":"debug","time":"2019-02-21T17:14:06+08:00","message":"register route: \"PATCH  -> /user/information/<user_id>\"."}
{"level":"debug","time":"2019-02-21T17:14:06+08:00","message":"register route: \"PATCH  -> /user/info/mobile\"."}
{"level":"debug","time":"2019-02-21T17:14:06+08:00","message":"register route: \"PATCH  -> /user/password/<user_id>\"."}
{"level":"debug","time":"2019-02-21T17:14:06+08:00","message":"register route: \"POST   -> /user/contact\"."}
{"level":"debug","time":"2019-02-21T17:14:06+08:00","message":"register route: \"GET    -> /article/articles/<article_id>\"."}
{"level":"debug","time":"2019-02-21T17:14:06+08:00","message":"register route: \"GET    -> /article/articles\"."}
{"level":"debug","time":"2019-02-21T17:14:06+08:00","message":"register route: \"POST   -> /article/add\"."}
{"level":"debug","time":"2019-02-21T17:14:06+08:00","message":"register route: \"POST   -> /article/verify\"."}
{"level":"debug","time":"2019-02-21T17:14:06+08:00","message":"register route: \"GET    -> /article/arts/my\"."}
{"level":"debug","time":"2019-02-21T17:14:06+08:00","message":"register route: \"GET    -> /article/version/<article_id>\"."}
{"level":"debug","time":"2019-02-21T17:14:06+08:00","message":"register route: \"GET    -> /article/view/<article_id>/<version>\"."}
{"level":"debug","time":"2019-02-21T17:14:06+08:00","message":"register route: \"POST   -> /article/restore\"."}
{"level":"debug","time":"2019-02-21T17:14:06+08:00","message":"register route: \"DELETE -> /article/<article_id>\"."}
{"level":"debug","time":"2019-02-21T17:14:06+08:00","message":"register route: \"GET    -> /article/likes/<likes_content>\"."}
{"level":"debug","time":"2019-02-21T17:14:06+08:00","message":"register route: \"POST   -> /article/update/<session_id>\"."}
{"level":"debug","time":"2019-02-21T17:14:06+08:00","message":"register route: \"PATCH  -> /article/<article_id>/like\"."}
{"level":"debug","time":"2019-02-21T17:14:06+08:00","message":"register route: \"GET    -> /article/<article_id>/like\"."}
{"level":"debug","time":"2019-02-21T17:14:06+08:00","message":"register route: \"PATCH  -> /article/<article_id>\"."}
{"level":"debug","time":"2019-02-21T17:14:06+08:00","message":"register route: \"PATCH  -> /article/<article_id>/Authorization\"."}
{"level":"debug","time":"2019-02-21T17:14:06+08:00","message":"register route: \"POST   -> /article/<art_id>/comment\"."}
{"level":"debug","time":"2019-02-21T17:14:06+08:00","message":"register route: \"POST   -> /article/comments/<com_id>/reply\"."}
{"level":"debug","time":"2019-02-21T17:14:06+08:00","message":"register route: \"GET    -> /article/<art_id>/comments\"."}
{"level":"debug","time":"2019-02-21T17:14:06+08:00","message":"register route: \"GET    -> /friend/users\"."}
{"level":"debug","time":"2019-02-21T17:23:51+08:00","message":"register route: \"GET    -> /static/*\"."}
{"level":"debug","time":"2019-02-21T17:23:51+08:00","message":"register route: \"GET    -> /version\"."}
{"level":"debug","time":"2019-02-21T17:23:51+08:00","message":"register route: \"GET    -> /admin/captcha\"."}
{"level":"debug","time":"2019-02-21T17:23:51+08:00","message":"register route: \"POST   -> /admin/sessions\"."}
{"level":"debug","time":"2019-02-21T17:23:51+08:00","message":"register route: \"GET    -> /admin/backups\"."}
{"level":"debug","time":"2019-02-21T17:23:51+08:00","message":"register route: \"POST   -> /admin/backups\"."}
{"level":"debug","time":"2019-02-21T17:23:51+08:00","message":"register route: \"POST   -> /admin/restores\"."}
{"level":"debug","time":"2019-02-21T17:23:51+08:00","message":"register route: \"PATCH  -> /admin/schedules/<key>\"."}
{"level":"debug","time":"2019-02-21T17:23:51+08:00","message":"register route: \"GET    -> /admin/schedules/<key>\"."}
{"level":"debug","time":"2019-02-21T17:23:51+08:00","message":"register route: \"GET    -> /admin/statistics\"."}
{"level":"debug","time":"2019-02-21T17:23:51+08:00","message":"register route: \"GET    -> /admin/logs\"."}
{"level":"debug","time":"2019-02-21T17:23:51+08:00","message":"register route: \"GET    -> /admin/sessions/current\"."}
{"level":"debug","time":"2019-02-21T17:23:51+08:00","message":"register route: \"GET    -> /admin/users\"."}
{"level":"debug","time":"2019-02-21T17:23:51+08:00","message":"register route: \"PATCH  -> /admin/users/status\"."}
{"level":"debug","time":"2019-02-21T17:23:51+08:00","message":"register route: \"GET    -> /admin/articles/<art_id>\"."}
{"level":"debug","time":"2019-02-21T17:23:51+08:00","message":"register route: \"GET    -> /admin/articles\"."}
{"level":"debug","time":"2019-02-21T17:23:51+08:00","message":"register route: \"DELETE -> /admin/articles/<art_id>\"."}
{"level":"debug","time":"2019-02-21T17:23:51+08:00","message":"register route: \"POST   -> /admin/sorts\"."}
{"level":"debug","time":"2019-02-21T17:23:51+08:00","message":"register route: \"DELETE -> /admin/sorts/<sort_id>\"."}
{"level":"debug","time":"2019-02-21T17:23:51+08:00","message":"register route: \"GET    -> /admin/sorts\"."}
{"level":"debug","time":"2019-02-21T17:23:51+08:00","message":"register route: \"POST   -> /user/upload\"."}
{"level":"debug","time":"2019-02-21T17:23:51+08:00","message":"register route: \"GET    -> /user/verify/email/<email_account>\"."}
{"level":"debug","time":"2019-02-21T17:23:51+08:00","message":"register route: \"GET    -> /user/verify/mobile/<mobile_account>\"."}
{"level":"debug","time":"2019-02-21T17:23:51+08:00","message":"register route: \"POST   -> /user/register\"."}
{"level":"debug","time":"2019-02-21T17:23:51+08:00","message":"register route: \"POST   -> /user/login\"."}
{"level":"debug","time":"2019-02-21T17:23:51+08:00","message":"register route: \"GET    -> /user/sessions/<session_id>\"."}
{"level":"debug","time":"2019-02-21T17:23:51+08:00","message":"register route: \"PATCH  -> /user/information/<user_id>\"."}
{"level":"debug","time":"2019-02-21T17:23:51+08:00","message":"register route: \"PATCH  -> /user/info/mobile\"."}
{"level":"debug","time":"2019-02-21T17:23:51+08:00","message":"register route: \"PATCH  -> /user/password/<user_id>\"."}
{"level":"debug","time":"2019-02-21T17:23:51+08:00","message":"register route: \"POST   -> /user/contact\"."}
{"level":"debug","time":"2019-02-21T17:23:51+08:00","message":"register route: \"GET    -> /article/articles/<article_id>\"."}
{"level":"debug","time":"2019-02-21T17:23:51+08:00","message":"register route: \"GET    -> /article/articles\"."}
{"level":"debug","time":"2019-02-21T17:23:51+08:00","message":"register route: \"POST   -> /article/add\"."}
{"level":"debug","time":"2019-02-21T17:23:51+08:00","message":"register route: \"POST   -> /article/verify\"."}
{"level":"debug","time":"2019-02-21T17:23:51+08:00","message":"register route: \"GET    -> /article/arts/my\"."}
{"level":"debug","time":"2019-02-21T17:23:51+08:00","message":"register route: \"GET    -> /article/version/<article_id>\"."}
{"level":"debug","time":"2019-02-21T17:23:51+08:00","message":"register route: \"GET    -> /article/view/<article_id>/<version>\"."}
{"level":"debug","time":"2019-02-21T17:23:51+08:00","message":"register route: \"POST   -> /article/restore\"."}
{"level":"debug","time":"2019-02-21T17:23:51+08:00","message":"register route: \"DELETE -> /article/<article_id>\"."}
{"level":"debug","time":"2019-02-21T17:23:51+08:00","message":"register route: \"GET    -> /article/likes/<likes_content>\"."}
{"level":"debug","time":"2019-02-21T17:23:51+08:00","message":"register route: \"POST   -> /article/update/<session_id>\"."}
{"level":"debug","time":"2019-02-21T17:23:51+08:00","message":"register route: \"PATCH  -> /article/<article_id>/like\"."}
{"level":"debug","time":"2019-02-21T17:23:51+08:00","message":"register route: \"GET    -> /article/<article_id>/like\"."}
{"level":"debug","time":"2019-02-21T17:23:51+08:00","message":"register route: \"PATCH  -> /article/<article_id>\"."}
{"level":"debug","time":"2019-02-21T17:23:51+08:00","message":"register route: \"PATCH  -> /article/<article_id>/Authorization\"."}
{"level":"debug","time":"2019-02-21T17:23:51+08:00","message":"register route: \"POST   -> /article/<art_id>/comment\"."}
{"level":"debug","time":"2019-02-21T17:23:51+08:00","message":"register route: \"POST   -> /article/comments/<com_id>/reply\"."}
{"level":"debug","time":"2019-02-21T17:23:51+08:00","message":"register route: \"GET    -> /article/<art_id>/comments\"."}
{"level":"debug","time":"2019-02-21T17:23:51+08:00","message":"register route: \"GET    -> /friend/users\"."}
{"level":"debug","time":"2019-02-21T17:30:06+08:00","message":"register route: \"GET    -> /static/*\"."}
{"level":"debug","time":"2019-02-21T17:30:06+08:00","message":"register route: \"GET    -> /version\"."}
{"level":"debug","time":"2019-02-21T17:30:06+08:00","message":"register route: \"GET    -> /admin/captcha\"."}
{"level":"debug","time":"2019-02-21T17:30:06+08:00","message":"register route: \"POST   -> /admin/sessions\"."}
{"level":"debug","time":"2019-02-21T17:30:06+08:00","message":"register route: \"GET    -> /admin/backups\"."}
{"level":"debug","time":"2019-02-21T17:30:06+08:00","message":"register route: \"POST   -> /admin/backups\"."}
{"level":"debug","time":"2019-02-21T17:30:06+08:00","message":"register route: \"POST   -> /admin/restores\"."}
{"level":"debug","time":"2019-02-21T17:30:06+08:00","message":"register route: \"PATCH  -> /admin/schedules/<key>\"."}
{"level":"debug","time":"2019-02-21T17:30:06+08:00","message":"register route: \"GET    -> /admin/schedules/<key>\"."}
{"level":"debug","time":"2019-02-21T17:30:06+08:00","message":"register route: \"GET    -> /admin/statistics\"."}
{"level":"debug","time":"2019-02-21T17:30:06+08:00","message":"register route: \"GET    -> /admin/logs\"."}
{"level":"debug","time":"2019-02-21T17:30:06+08:00","message":"register route: \"GET    -> /admin/sessions/current\"."}
{"level":"debug","time":"2019-02-21T17:30:06+08:00","message":"register route: \"GET    -> /admin/users\"."}
{"level":"debug","time":"2019-02-21T17:30:06+08:00","message":"register route: \"PATCH  -> /admin/users/status\"."}
{"level":"debug","time":"2019-02-21T17:30:06+08:00","message":"register route: \"GET    -> /admin/articles/<art_id>\"."}
{"level":"debug","time":"2019-02-21T17:30:06+08:00","message":"register route: \"GET    -> /admin/articles\"."}
{"level":"debug","time":"2019-02-21T17:30:06+08:00","message":"register route: \"DELETE -> /admin/articles/<art_id>\"."}
{"level":"debug","time":"2019-02-21T17:30:06+08:00","message":"register route: \"POST   -> /admin/sorts\"."}
{"level":"debug","time":"2019-02-21T17:30:06+08:00","message":"register route: \"DELETE -> /admin/sorts/<sort_id>\"."}
{"level":"debug","time":"2019-02-21T17:30:06+08:00","message":"register route: \"GET    -> /admin/sorts\"."}
{"level":"debug","time":"2019-02-21T17:30:06+08:00","message":"register route: \"POST   -> /user/upload\"."}
{"level":"debug","time":"2019-02-21T17:30:06+08:00","message":"register route: \"GET    -> /user/verify/email/<email_account>\"."}
{"level":"debug","time":"2019-02-21T17:30:06+08:00","message":"register route: \"GET    -> /user/verify/mobile/<mobile_account>\"."}
{"level":"debug","time":"2019-02-21T17:30:06+08:00","message":"register route: \"POST   -> /user/register\"."}
{"level":"debug","time":"2019-02-21T17:30:06+08:00","message":"register route: \"POST   -> /user/login\"."}
{"level":"debug","time":"2019-02-21T17:30:06+08:00","message":"register route: \"GET    -> /user/sessions/<session_id>\"."}
{"level":"debug","time":"2019-02-21T17:30:06+08:00","message":"register route: \"PATCH  -> /user/information/<user_id>\"."}
{"level":"debug","time":"2019-02-21T17:30:06+08:00","message":"register route: \"PATCH  -> /user/info/mobile\"."}
{"level":"debug","time":"2019-02-21T17:30:06+08:00","message":"register route: \"PATCH  -> /user/password/<user_id>\"."}
{"level":"debug","time":"2019-02-21T17:30:06+08:00","message":"register route: \"POST   -> /user/contact\"."}
{"level":"debug","time":"2019-02-21T17:30:06+08:00","message":"register route: \"GET    -> /article/articles/<article_id>\"."}
{"level":"debug","time":"2019-02-21T17:30:06+08:00","message":"register route: \"GET    -> /article/articles\"."}
{"level":"debug","time":"2019-02-21T17:30:06+08:00","message":"register route: \"POST   -> /article/add\"."}
{"level":"debug","time":"2019-02-21T17:30:06+08:00","message":"register route: \"POST   -> /article/verify\"."}
{"level":"debug","time":"2019-02-21T17:30:06+08:00","message":"register route: \"GET    -> /article/arts/my\"."}
{"level":"debug","time":"2019-02-21T17:30:06+08:00","message":"register route: \"GET    -> /article/version/<article_id>\"."}
{"level":"debug","time":"2019-02-21T17:30:06+08:00","message":"register route: \"GET    -> /article/view/<article_id>/<version>\"."}
{"level":"debug","time":"2019-02-21T17:30:06+08:00","message":"register route: \"POST   -> /article/restore\"."}
{"level":"debug","time":"2019-02-21T17:30:06+08:00","message":"register route: \"DELETE -> /article/<article_id>\"."}
{"level":"debug","time":"2019-02-21T17:30:06+08:00","message":"register route: \"GET    -> /article/likes/<likes_content>\"."}
{"level":"debug","time":"2019-02-21T17:30:06+08:00","message":"register route: \"POST   -> /article/update/<session_id>\"."}
{"level":"debug","time":"2019-02-21T17:30:06+08:00","message":"register route: \"PATCH  -> /article/<article_id>/like\"."}
{"level":"debug","time":"2019-02-21T17:30:06+08:00","message":"register route: \"GET    -> /article/<article_id>/like\"."}
{"level":"debug","time":"2019-02-21T17:30:06+08:00","message":"register route: \"PATCH  -> /article/<article_id>\"."}
{"level":"debug","time":"2019-02-21T17:30:06+08:00","message":"register route: \"PATCH  -> /article/<article_id>/Authorization\"."}
{"level":"debug","time":"2019-02-21T17:30:06+08:00","message":"register route: \"POST   -> /article/<art_id>/comment\"."}
{"level":"debug","time":"2019-02-21T17:30:06+08:00","message":"register route: \"POST   -> /article/comments/<com_id>/reply\"."}
{"level":"debug","time":"2019-02-21T17:30:06+08:00","message":"register route: \"GET    -> /article/<art_id>/comments\"."}
{"level":"debug","time":"2019-02-21T17:30:06+08:00","message":"register route: \"GET    -> /friend/users\"."}
{"level":"debug","time":"2019-02-21T17:32:40+08:00","message":"register route: \"GET    -> /static/*\"."}
{"level":"debug","time":"2019-02-21T17:32:40+08:00","message":"register route: \"GET    -> /version\"."}
{"level":"debug","time":"2019-02-21T17:32:40+08:00","message":"register route: \"GET    -> /admin/captcha\"."}
{"level":"debug","time":"2019-02-21T17:32:40+08:00","message":"register route: \"POST   -> /admin/sessions\"."}
{"level":"debug","time":"2019-02-21T17:32:40+08:00","message":"register route: \"GET    -> /admin/backups\"."}
{"level":"debug","time":"2019-02-21T17:32:40+08:00","message":"register route: \"POST   -> /admin/backups\"."}
{"level":"debug","time":"2019-02-21T17:32:40+08:00","message":"register route: \"POST   -> /admin/restores\"."}
{"level":"debug","time":"2019-02-21T17:32:40+08:00","message":"register route: \"PATCH  -> /admin/schedules/<key>\"."}
{"level":"debug","time":"2019-02-21T17:32:40+08:00","message":"register route: \"GET    -> /admin/schedules/<key>\"."}
{"level":"debug","time":"2019-02-21T17:32:40+08:00","message":"register route: \"GET    -> /admin/statistics\"."}
{"level":"debug","time":"2019-02-21T17:32:40+08:00","message":"register route: \"GET    -> /admin/logs\"."}
{"level":"debug","time":"2019-02-21T17:32:40+08:00","message":"register route: \"GET    -> /admin/sessions/current\"."}
{"level":"debug","time":"2019-02-21T17:32:40+08:00","message":"register route: \"GET    -> /admin/users\"."}
{"level":"debug","time":"2019-02-21T17:32:40+08:00","message":"register route: \"PATCH  -> /admin/users/status\"."}
{"level":"debug","time":"2019-02-21T17:32:40+08:00","message":"register route: \"GET    -> /admin/articles/<art_id>\"."}
{"level":"debug","time":"2019-02-21T17:32:40+08:00","message":"register route: \"GET    -> /admin/articles\"."}
{"level":"debug","time":"2019-02-21T17:32:40+08:00","message":"register route: \"DELETE -> /admin/articles/<art_id>\"."}
{"level":"debug","time":"2019-02-21T17:32:40+08:00","message":"register route: \"POST   -> /admin/sorts\"."}
{"level":"debug","time":"2019-02-21T17:32:40+08:00","message":"register route: \"DELETE -> /admin/sorts/<sort_id>\"."}
{"level":"debug","time":"2019-02-21T17:32:40+08:00","message":"register route: \"GET    -> /admin/sorts\"."}
{"level":"debug","time":"2019-02-21T17:32:40+08:00","message":"register route: \"POST   -> /user/upload\"."}
{"level":"debug","time":"2019-02-21T17:32:40+08:00","message":"register route: \"GET    -> /user/verify/email/<email_account>\"."}
{"level":"debug","time":"2019-02-21T17:32:40+08:00","message":"register route: \"GET    -> /user/verify/mobile/<mobile_account>\"."}
{"level":"debug","time":"2019-02-21T17:32:40+08:00","message":"register route: \"POST   -> /user/register\"."}
{"level":"debug","time":"2019-02-21T17:32:40+08:00","message":"register route: \"POST   -> /user/login\"."}
{"level":"debug","time":"2019-02-21T17:32:40+08:00","message":"register route: \"GET    -> /user/sessions/<session_id>\"."}
{"level":"debug","time":"2019-02-21T17:32:40+08:00","message":"register route: \"PATCH  -> /user/information/<user_id>\"."}
{"level":"debug","time":"2019-02-21T17:32:40+08:00","message":"register route: \"PATCH  -> /user/info/mobile\"."}
{"level":"debug","time":"2019-02-21T17:32:40+08:00","message":"register route: \"PATCH  -> /user/password/<user_id>\"."}
{"level":"debug","time":"2019-02-21T17:32:40+08:00","message":"register route: \"POST   -> /user/contact\"."}
{"level":"debug","time":"2019-02-21T17:32:40+08:00","message":"register route: \"GET    -> /article/articles/<article_id>\"."}
{"level":"debug","time":"2019-02-21T17:32:40+08:00","message":"register route: \"GET    -> /article/articles\"."}
{"level":"debug","time":"2019-02-21T17:32:40+08:00","message":"register route: \"POST   -> /article/add\"."}
{"level":"debug","time":"2019-02-21T17:32:40+08:00","message":"register route: \"POST   -> /article/verify\"."}
{"level":"debug","time":"2019-02-21T17:32:40+08:00","message":"register route: \"GET    -> /article/arts/my\"."}
{"level":"debug","time":"2019-02-21T17:32:40+08:00","message":"register route: \"GET    -> /article/version/<article_id>\"."}
{"level":"debug","time":"2019-02-21T17:32:40+08:00","message":"register route: \"GET    -> /article/view/<article_id>/<version>\"."}
{"level":"debug","time":"2019-02-21T17:32:40+08:00","message":"register route: \"POST   -> /article/restore\"."}
{"level":"debug","time":"2019-02-21T17:32:40+08:00","message":"register route: \"DELETE -> /article/<article_id>\"."}
{"level":"debug","time":"2019-02-21T17:32:40+08:00","message":"register route: \"GET    -> /article/likes/<likes_content>\"."}
{"level":"debug","time":"2019-02-21T17:32:40+08:00","message":"register route: \"POST   -> /article/update/<session_id>\"."}
{"level":"debug","time":"2019-02-21T17:32:40+08:00","message":"register route: \"PATCH  -> /article/<article_id>/like\"."}
{"level":"debug","time":"2019-02-21T17:32:40+08:00","message":"register route: \"GET    -> /article/<article_id>/like\"."}
{"level":"debug","time":"2019-02-21T17:32:40+08:00","message":"register route: \"PATCH  -> /article/<article_id>\"."}
{"level":"debug","time":"2019-02-21T17:32:40+08:00","message":"register route: \"PATCH  -> /article/<article_id>/Authorization\"."}
{"level":"debug","time":"2019-02-21T17:32:40+08:00","message":"register route: \"POST   -> /article/<art_id>/comment\"."}
{"level":"debug","time":"2019-02-21T17:32:40+08:00","message":"register route: \"POST   -> /article/comments/<com_id>/reply\"."}
{"level":"debug","time":"2019-02-21T17:32:40+08:00","message":"register route: \"GET    -> /article/<art_id>/comments\"."}
{"level":"debug","time":"2019-02-21T17:32:40+08:00","message":"register route: \"GET    -> /friend/users\"."}
{"level":"debug","time":"2019-02-21T17:38:08+08:00","message":"register route: \"GET    -> /static/*\"."}
{"level":"debug","time":"2019-02-21T17:38:08+08:00","message":"register route: \"GET    -> /version\"."}
{"level":"debug","time":"2019-02-21T17:38:08+08:00","message":"register route: \"GET    -> /admin/captcha\"."}
{"level":"debug","time":"2019-02-21T17:38:08+08:00","message":"register route: \"POST   -> /admin/sessions\"."}
{"level":"debug","time":"2019-02-21T17:38:08+08:00","message":"register route: \"GET    -> /admin/backups\"."}
{"level":"debug","time":"2019-02-21T17:38:08+08:00","message":"register route: \"POST   -> /admin/backups\"."}
{"level":"debug","time":"2019-02-21T17:38:08+08:00","message":"register route: \"POST   -> /admin/restores\"."}
{"level":"debug","time":"2019-02-21T17:38:08+08:00","message":"register route: \"PATCH  -> /admin/schedules/<key>\"."}
{"level":"debug","time":"2019-02-21T17:38:08+08:00","message":"register route: \"GET    -> /admin/schedules/<key>\"."}
{"level":"debug","time":"2019-02-21T17:38:08+08:00","message":"register route: \"GET    -> /admin/statistics\"."}
{"level":"debug","time":"2019-02-21T17:38:08+08:00","message":"register route: \"GET    -> /admin/logs\"."}
{"level":"debug","time":"2019-02-21T17:38:08+08:00","message":"register route: \"GET    -> /admin/sessions/current\"."}
{"level":"debug","time":"2019-02-21T17:38:08+08:00","message":"register route: \"GET    -> /admin/users\"."}
{"level":"debug","time":"2019-02-21T17:38:08+08:00","message":"register route: \"PATCH  -> /admin/users/status\"."}
{"level":"debug","time":"2019-02-21T17:38:08+08:00","message":"register route: \"GET    -> /admin/articles/<art_id>\"."}
{"level":"debug","time":"2019-02-21T17:38:08+08:00","message":"register route: \"GET    -> /admin/articles\"."}
{"level":"debug","time":"2019-02-21T17:38:08+08:00","message":"register route: \"DELETE -> /admin/articles/<art_id>\"."}
{"level":"debug","time":"2019-02-21T17:38:08+08:00","message":"register route: \"POST   -> /admin/sorts\"."}
{"level":"debug","time":"2019-02-21T17:38:08+08:00","message":"register route: \"DELETE -> /admin/sorts/<sort_id>\"."}
{"level":"debug","time":"2019-02-21T17:38:08+08:00","message":"register route: \"GET    -> /admin/sorts\"."}
{"level":"debug","time":"2019-02-21T17:38:08+08:00","message":"register route: \"POST   -> /user/upload\"."}
{"level":"debug","time":"2019-02-21T17:38:08+08:00","message":"register route: \"GET    -> /user/verify/email/<email_account>\"."}
{"level":"debug","time":"2019-02-21T17:38:08+08:00","message":"register route: \"GET    -> /user/verify/mobile/<mobile_account>\"."}
{"level":"debug","time":"2019-02-21T17:38:08+08:00","message":"register route: \"POST   -> /user/register\"."}
{"level":"debug","time":"2019-02-21T17:38:08+08:00","message":"register route: \"POST   -> /user/login\"."}
{"level":"debug","time":"2019-02-21T17:38:08+08:00","message":"register route: \"GET    -> /user/sessions/<session_id>\"."}
{"level":"debug","time":"2019-02-21T17:38:08+08:00","message":"register route: \"PATCH  -> /user/information/<user_id>\"."}
{"level":"debug","time":"2019-02-21T17:38:08+08:00","message":"register route: \"PATCH  -> /user/info/mobile\"."}
{"level":"debug","time":"2019-02-21T17:38:08+08:00","message":"register route: \"PATCH  -> /user/password/<user_id>\"."}
{"level":"debug","time":"2019-02-21T17:38:08+08:00","message":"register route: \"POST   -> /user/contact\"."}
{"level":"debug","time":"2019-02-21T17:38:08+08:00","message":"register route: \"GET    -> /article/articles/<article_id>\"."}
{"level":"debug","time":"2019-02-21T17:38:08+08:00","message":"register route: \"GET    -> /article/articles\"."}
{"level":"debug","time":"2019-02-21T17:38:08+08:00","message":"register route: \"POST   -> /article/add\"."}
{"level":"debug","time":"2019-02-21T17:38:08+08:00","message":"register route: \"POST   -> /article/verify\"."}
{"level":"debug","time":"2019-02-21T17:38:08+08:00","message":"register route: \"GET    -> /article/arts/my\"."}
{"level":"debug","time":"2019-02-21T17:38:08+08:00","message":"register route: \"GET    -> /article/version/<article_id>\"."}
{"level":"debug","time":"2019-02-21T17:38:08+08:00","message":"register route: \"GET    -> /article/view/<article_id>/<version>\"."}
{"level":"debug","time":"2019-02-21T17:38:08+08:00","message":"register route: \"POST   -> /article/restore\"."}
{"level":"debug","time":"2019-02-21T17:38:08+08:00","message":"register route: \"DELETE -> /article/<article_id>\"."}
{"level":"debug","time":"2019-02-21T17:38:08+08:00","message":"register route: \"GET    -> /article/likes/<likes_content>\"."}
{"level":"debug","time":"2019-02-21T17:38:08+08:00","message":"register route: \"POST   -> /article/update/<session_id>\"."}
{"level":"debug","time":"2019-02-21T17:38:08+08:00","message":"register route: \"PATCH  -> /article/<article_id>/like\"."}
{"level":"debug","time":"2019-02-21T17:38:08+08:00","message":"register route: \"GET    -> /article/<article_id>/like\"."}
{"level":"debug","time":"2019-02-21T17:38:08+08:00","message":"register route: \"PATCH  -> /article/<article_id>\"."}
{"level":"debug","time":"2019-02-21T17:38:08+08:00","message":"register route: \"PATCH  -> /article/<article_id>/Authorization\"."}
{"level":"debug","time":"2019-02-21T17:38:08+08:00","message":"register route: \"POST   -> /article/<art_id>/comment\"."}
{"level":"debug","time":"2019-02-21T17:38:08+08:00","message":"register route: \"POST   -> /article/comments/<com_id>/reply\"."}
{"level":"debug","time":"2019-02-21T17:38:08+08:00","message":"register route: \"GET    -> /article/<art_id>/comments\"."}
{"level":"debug","time":"2019-02-21T17:38:08+08:00","message":"register route: \"GET    -> /friend/users\"."}
{"level":"debug","time":"2019-02-21T17:43:00+08:00","message":"register route: \"GET    -> /static/*\"."}
{"level":"debug","time":"2019-02-21T17:43:00+08:00","message":"register route: \"GET    -> /version\"."}
{"level":"debug","time":"2019-02-21T17:43:00+08:00","message":"register route: \"GET    -> /admin/captcha\"."}
{"level":"debug","time":"2019-02-21T17:43:00+08:00","message":"register route: \"POST   -> /admin/sessions\"."}
{"level":"debug","time":"2019-02-21T17:43:00+08:00","message":"register route: \"GET    -> /admin/backups\"."}
{"level":"debug","time":"2019-02-21T17:43:00+08:00","message":"register route: \"POST   -> /admin/backups\"."}
{"level":"debug","time":"2019-02-21T17:43:00+08:00","message":"register route: \"POST   -> /admin/restores\"."}
{"level":"debug","time":"2019-02-21T17:43:00+08:00","message":"register route: \"PATCH  -> /admin/schedules/<key>\"."}
{"level":"debug","time":"2019-02-21T17:43:00+08:00","message":"register route: \"GET    -> /admin/schedules/<key>\"."}
{"level":"debug","time":"2019-02-21T17:43:00+08:00","message":"register route: \"GET    -> /admin/statistics\"."}
{"level":"debug","time":"2019-02-21T17:43:00+08:00","message":"register route: \"GET    -> /admin/logs\"."}
{"level":"debug","time":"2019-02-21T17:43:00+08:00","message":"register route: \"GET    -> /admin/sessions/current\"."}
{"level":"debug","time":"2019-02-21T17:43:00+08:00","message":"register route: \"GET    -> /admin/users\"."}
{"level":"debug","time":"2019-02-21T17:43:00+08:00","message":"register route: \"PATCH  -> /admin/users/status\"."}
{"level":"debug","time":"2019-02-21T17:43:00+08:00","message":"register route: \"GET    -> /admin/articles/<art_id>\"."}
{"level":"debug","time":"2019-02-21T17:43:00+08:00","message":"register route: \"GET    -> /admin/articles\"."}
{"level":"debug","time":"2019-02-21T17:43:00+08:00","message":"register route: \"DELETE -> /admin/articles/<art_id>\"."}
{"level":"debug","time":"2019-02-21T17:43:00+08:00","message":"register route: \"POST   -> /admin/sorts\"."}
{"level":"debug","time":"2019-02-21T17:43:00+08:00","message":"register route: \"DELETE -> /admin/sorts/<sort_id>\"."}
{"level":"debug","time":"2019-02-21T17:43:00+08:00","message":"register route: \"GET    -> /admin/sorts\"."}
{"level":"debug","time":"2019-02-21T17:43:00+08:00","message":"register route: \"POST   -> /user/upload\"."}
{"level":"debug","time":"2019-02-21T17:43:00+08:00","message":"register route: \"GET    -> /user/verify/email/<email_account>\"."}
{"level":"debug","time":"2019-02-21T17:43:00+08:00","message":"register route: \"GET    -> /user/verify/mobile/<mobile_account>\"."}
{"level":"debug","time":"2019-02-21T17:43:00+08:00","message":"register route: \"POST   -> /user/register\"."}
{"level":"debug","time":"2019-02-21T17:43:00+08:00","message":"register route: \"POST   -> /user/login\"."}
{"level":"debug","time":"2019-02-21T17:43:00+08:00","message":"register route: \"GET    -> /user/sessions/<session_id>\"."}
{"level":"debug","time":"2019-02-21T17:43:00+08:00","message":"register route: \"PATCH  -> /user/information/<user_id>\"."}
{"level":"debug","time":"2019-02-21T17:43:00+08:00","message":"register route: \"PATCH  -> /user/info/mobile\"."}
{"level":"debug","time":"2019-02-21T17:43:00+08:00","message":"register route: \"PATCH  -> /user/password/<user_id>\"."}
{"level":"debug","time":"2019-02-21T17:43:00+08:00","message":"register route: \"POST   -> /user/contact\"."}
{"level":"debug","time":"2019-02-21T17:43:00+08:00","message":"register route: \"GET    -> /article/articles/<article_id>\"."}
{"level":"debug","time":"2019-02-21T17:43:00+08:00","message":"register route: \"GET    -> /article/articles\"."}
{"level":"debug","time":"2019-02-21T17:43:00+08:00","message":"register route: \"POST   -> /article/add\"."}
{"level":"debug","time":"2019-02-21T17:43:00+08:00","message":"register route: \"POST   -> /article/verify\"."}
{"level":"debug","time":"2019-02-21T17:43:00+08:00","message":"register route: \"GET    -> /article/arts/my\"."}
{"level":"debug","time":"2019-02-21T17:43:00+08:00","message":"register route: \"GET    -> /article/version/<article_id>\"."}
{"level":"debug","time":"2019-02-21T17:43:00+08:00","message":"register route: \"GET    -> /article/view/<article_id>/<version>\"."}
{"level":"debug","time":"2019-02-21T17:43:00+08:00","message":"register route: \"POST   -> /article/restore\"."}
{"level":"debug","time":"2019-02-21T17:43:00+08:00","message":"register route: \"DELETE -> /article/<article_id>\"."}
{"level":"debug","time":"2019-02-21T17:43:00+08:00","message":"register route: \"GET    -> /article/likes/<likes_content>\"."}
{"level":"debug","time":"2019-02-21T17:43:00+08:00","message":"register route: \"POST   -> /article/update/<session_id>\"."}
{"level":"debug","time":"2019-02-21T17:43:00+08:00","message":"register route: \"PATCH  -> /article/<article_id>/like\"."}
{"level":"debug","time":"2019-02-21T17:43:00+08:00","message":"register route: \"GET    -> /article/<article_id>/like\"."}
{"level":"debug","time":"2019-02-21T17:43:00+08:00","message":"register route: \"PATCH  -> /article/<article_id>\"."}
{"level":"debug","time":"2019-02-21T17:43:00+08:00","message":"register route: \"PATCH  -> /article/<article_id>/Authorization\"."}
{"level":"debug","time":"2019-02-21T17:43:00+08:00","message":"register route: \"POST   -> /article/<art_id>/comment\"."}
{"level":"debug","time":"2019-02-21T17:43:00+08:00","message":"register route: \"POST   -> /article/comments/<com_id>/reply\"."}
{"level":"debug","time":"2019-02-21T17:43:00+08:00","message":"register route: \"GET    -> /article/<art_id>/comments\"."}
{"level":"debug","time":"2019-02-21T17:43:00+08:00","message":"register route: \"GET    -> /friend/users\"."}
{"level":"debug","time":"2019-02-21T17:50:18+08:00","message":"register route: \"GET    -> /static/*\"."}
{"level":"debug","time":"2019-02-21T17:50:18+08:00","message":"register route: \"GET    -> /version\"."}
{"level":"debug","time":"2019-02-21T17:50:18+08:00","message":"register route: \"GET    -> /admin/captcha\"."}
{"level":"debug","time":"2019-02-21T17:50:18+08:00","message":"register route: \"POST   -> /admin/sessions\"."}
{"level":"debug","time":"2019-02-21T17:50:18+08:00","message":"register route: \"GET    -> /admin/backups\"."}
{"level":"debug","time":"2019-02-21T17:50:18+08:00","message":"register route: \"POST   -> /admin/backups\"."}
{"level":"debug","time":"2019-02-21T17:50:18+08:00","message":"register route: \"POST   -> /admin/restores\"."}
{"level":"debug","time":"2019-02-21T17:50:18+08:00","message":"register route: \"PATCH  -> /admin/schedules/<key>\"."}
{"level":"debug","time":"2019-02-21T17:50:18+08:00","message":"register route: \"GET    -> /admin/schedules/<key>\"."}
{"level":"debug","time":"2019-02-21T17:50:18+08:00","message":"register route: \"GET    -> /admin/statistics\"."}
{"level":"debug","time":"2019-02-21T17:50:18+08:00","message":"register route: \"GET    -> /admin/logs\"."}
{"level":"debug","time":"2019-02-21T17:50:18+08:00","message":"register route: \"GET    -> /admin/sessions/current\"."}
{"level":"debug","time":"2019-02-21T17:50:18+08:00","message":"register route: \"GET    -> /admin/users\"."}
{"level":"debug","time":"2019-02-21T17:50:18+08:00","message":"register route: \"PATCH  -> /admin/users/status\"."}
{"level":"debug","time":"2019-02-21T17:50:18+08:00","message":"register route: \"GET    -> /admin/articles/<art_id>\"."}
{"level":"debug","time":"2019-02-21T17:50:18+08:00","message":"register route: \"GET    -> /admin/articles\"."}
{"level":"debug","time":"2019-02-21T17:50:18+08:00","message":"register route: \"DELETE -> /admin/articles/<art_id>\"."}
{"level":"debug","time":"2019-02-21T17:50:18+08:00","message":"register route: \"POST   -> /admin/sorts\"."}
{"level":"debug","time":"2019-02-21T17:50:18+08:00","message":"register route: \"DELETE -> /admin/sorts/<sort_id>\"."}
{"level":"debug","time":"2019-02-21T17:50:18+08:00","message":"register route: \"GET    -> /admin/sorts\"."}
{"level":"debug","time":"2019-02-21T17:50:18+08:00","message":"register route: \"POST   -> /user/upload\"."}
{"level":"debug","time":"2019-02-21T17:50:18+08:00","message":"register route: \"GET    -> /user/verify/email/<email_account>\"."}
{"level":"debug","time":"2019-02-21T17:50:18+08:00","message":"register route: \"GET    -> /user/verify/mobile/<mobile_account>\"."}
{"level":"debug","time":"2019-02-21T17:50:18+08:00","message":"register route: \"POST   -> /user/register\"."}
{"level":"debug","time":"2019-02-21T17:50:18+08:00","message":"register route: \"POST   -> /user/login\"."}
{"level":"debug","time":"2019-02-21T17:50:18+08:00","message":"register route: \"GET    -> /user/sessions/<session_id>\"."}
{"level":"debug","time":"2019-02-21T17:50:18+08:00","message":"register route: \"PATCH  -> /user/information/<user_id>\"."}
{"level":"debug","time":"2019-02-21T17:50:18+08:00","message":"register route: \"PATCH  -> /user/info/mobile\"."}
{"level":"debug","time":"2019-02-21T17:50:18+08:00","message":"register route: \"PATCH  -> /user/password/<user_id>\"."}
{"level":"debug","time":"2019-02-21T17:50:18+08:00","message":"register route: \"POST   -> /user/contact\"."}
{"level":"debug","time":"2019-02-21T17:50:18+08:00","message":"register route: \"GET    -> /article/articles/<article_id>\"."}
{"level":"debug","time":"2019-02-21T17:50:18+08:00","message":"register route: \"GET    -> /article/articles\"."}
{"level":"debug","time":"2019-02-21T17:50:18+08:00","message":"register route: \"POST   -> /article/add\"."}
{"level":"debug","time":"2019-02-21T17:50:18+08:00","message":"register route: \"POST   -> /article/verify\"."}
{"level":"debug","time":"2019-02-21T17:50:18+08:00","message":"register route: \"GET    -> /article/arts/my\"."}
{"level":"debug","time":"2019-02-21T17:50:18+08:00","message":"register route: \"GET    -> /article/version/<article_id>\"."}
{"level":"debug","time":"2019-02-21T17:50:18+08:00","message":"register route: \"GET    -> /article/view/<article_id>/<version>\"."}
{"level":"debug","time":"2019-02-21T17:50:18+08:00","message":"register route: \"POST   -> /article/restore\"."}
{"level":"debug","time":"2019-02-21T17:50:18+08:00","message":"register route: \"DELETE -> /article/<article_id>\"."}
{"level":"debug","time":"2019-02-21T17:50:18+08:00","message":"register route: \"GET    -> /article/likes/<likes_content>\"."}
{"level":"debug","time":"2019-02-21T17:50:18+08:00","message":"register route: \"POST   -> /article/update/<session_id>\"."}
{"level":"debug","time":"2019-02-21T17:50:18+08:00","message":"register route: \"PATCH  -> /article/<article_id>/like\"."}
{"level":"debug","time":"2019-02-21T17:50:18+08:00","message":"register route: \"GET    -> /article/<article_id>/like\"."}
{"level":"debug","time":"2019-02-21T17:50:18+08:00","message":"register route: \"PATCH  -> /article/<article_id>\"."}
{"level":"debug","time":"2019-02-21T17:50:18+08:00","message":"register route: \"PATCH  -> /article/<article_id>/Authorization\"."}
{"level":"debug","time":"2019-02-21T17:50:18+08:00","message":"register route: \"POST   -> /article/<art_id>/comment\"."}
{"level":"debug","time":"2019-02-21T17:50:18+08:00","message":"register route: \"POST   -> /article/comments/<com_id>/reply\"."}
{"level":"debug","time":"2019-02-21T17:50:18+08:00","message":"register route: \"GET    -> /article/<art_id>/comments\"."}
{"level":"debug","time":"2019-02-21T17:50:18+08:00","message":"register route: \"GET    -> /friend/users\"."}
{"level":"debug","time":"2019-02-21T17:55:08+08:00","message":"register route: \"GET    -> /static/*\"."}
{"level":"debug","time":"2019-02-21T17:55:08+08:00","message":"register route: \"GET    -> /version\"."}
{"level":"debug","time":"2019-02-21T17:55:08+08:00","message":"register route: \"GET    -> /admin/captcha\"."}
{"level":"debug","time":"2019-02-21T17:55:08+08:00","message":"register route: \"POST   -> /admin/sessions\"."}
{"level":"debug","time":"2019-02-21T17:55:08+08:00","message":"register route: \"GET    -> /admin/backups\"."}
{"level":"debug","time":"2019-02-21T17:55:08+08:00","message":"register route: \"POST   -> /admin/backups\"."}
{"level":"debug","time":"2019-02-21T17:55:08+08:00","message":"register route: \"POST   -> /admin/restores\"."}
{"level":"debug","time":"2019-02-21T17:55:08+08:00","message":"register route: \"PATCH  -> /admin/schedules/<key>\"."}
{"level":"debug","time":"2019-02-21T17:55:08+08:00","message":"register route: \"GET    -> /admin/schedules/<key>\"."}
{"level":"debug","time":"2019-02-21T17:55:08+08:00","message":"register route: \"GET    -> /admin/statistics\"."}
{"level":"debug","time":"2019-02-21T17:55:08+08:00","message":"register route: \"GET    -> /admin/logs\"."}
{"level":"debug","time":"2019-02-21T17:55:08+08:00","message":"register route: \"GET    -> /admin/sessions/current\"."}
{"level":"debug","time":"2019-02-21T17:55:08+08:00","message":"register route: \"GET    -> /admin/users\"."}
{"level":"debug","time":"2019-02-21T17:55:08+08:00","message":"register route: \"PATCH  -> /admin/users/status\"."}
{"level":"debug","time":"2019-02-21T17:55:08+08:00","message":"register route: \"GET    -> /admin/articles/<art_id>\"."}
{"level":"debug","time":"2019-02-21T17:55:08+08:00","message":"register route: \"GET    -> /admin/articles\"."}
{"level":"debug","time":"2019-02-21T17:55:08+08:00","message":"register route: \"DELETE -> /admin/articles/<art_id>\"."}
{"level":"debug","time":"2019-02-21T17:55:08+08:00","message":"register route: \"POST   -> /admin/sorts\"."}
{"level":"debug","time":"2019-02-21T17:55:08+08:00","message":"register route: \"DELETE -> /admin/sorts/<sort_id>\"."}
{"level":"debug","time":"2019-02-21T17:55:08+08:00","message":"register route: \"GET    -> /admin/sorts\"."}
{"level":"debug","time":"2019-02-21T17:55:08+08:00","message":"register route: \"POST   -> /user/upload\"."}
{"level":"debug","time":"2019-02-21T17:55:08+08:00","message":"register route: \"GET    -> /user/verify/email/<email_account>\"."}
{"level":"debug","time":"2019-02-21T17:55:08+08:00","message":"register route: \"GET    -> /user/verify/mobile/<mobile_account>\"."}
{"level":"debug","time":"2019-02-21T17:55:08+08:00","message":"register route: \"POST   -> /user/register\"."}
{"level":"debug","time":"2019-02-21T17:55:08+08:00","message":"register route: \"POST   -> /user/login\"."}
{"level":"debug","time":"2019-02-21T17:55:08+08:00","message":"register route: \"GET    -> /user/sessions/<session_id>\"."}
{"level":"debug","time":"2019-02-21T17:55:08+08:00","message":"register route: \"PATCH  -> /user/information/<user_id>\"."}
{"level":"debug","time":"2019-02-21T17:55:08+08:00","message":"register route: \"PATCH  -> /user/info/mobile\"."}
{"level":"debug","time":"2019-02-21T17:55:08+08:00","message":"register route: \"PATCH  -> /user/password/<user_id>\"."}
{"level":"debug","time":"2019-02-21T17:55:08+08:00","message":"register route: \"POST   -> /user/contact\"."}
{"level":"debug","time":"2019-02-21T17:55:08+08:00","message":"register route: \"GET    -> /article/articles/<article_id>\"."}
{"level":"debug","time":"2019-02-21T17:55:08+08:00","message":"register route: \"GET    -> /article/articles\"."}
{"level":"debug","time":"2019-02-21T17:55:08+08:00","message":"register route: \"POST   -> /article/add\"."}
{"level":"debug","time":"2019-02-21T17:55:08+08:00","message":"register route: \"POST   -> /article/verify\"."}
{"level":"debug","time":"2019-02-21T17:55:08+08:00","message":"register route: \"GET    -> /article/arts/my\"."}
{"level":"debug","time":"2019-02-21T17:55:08+08:00","message":"register route: \"GET    -> /article/version/<article_id>\"."}
{"level":"debug","time":"2019-02-21T17:55:08+08:00","message":"register route: \"GET    -> /article/view/<article_id>/<version>\"."}
{"level":"debug","time":"2019-02-21T17:55:08+08:00","message":"register route: \"POST   -> /article/restore\"."}
{"level":"debug","time":"2019-02-21T17:55:08+08:00","message":"register route: \"DELETE -> /article/<article_id>\"."}
{"level":"debug","time":"2019-02-21T17:55:08+08:00","message":"register route: \"GET    -> /article/likes/<likes_content>\"."}
{"level":"debug","time":"2019-02-21T17:55:08+08:00","message":"register route: \"POST   -> /article/update/<session_id>\"."}
{"level":"debug","time":"2019-02-21T17:55:08+08:00","message":"register route: \"PATCH  -> /article/<article_id>/like\"."}
{"level":"debug","time":"2019-02-21T17:55:08+08:00","message":"register route: \"GET    -> /article/<article_id>/like\"."}
{"level":"debug","time":"2019-02-21T17:55:08+08:00","message":"register route: \"PATCH  -> /article/<article_id>\"."}
{"level":"debug","time":"2019-02-21T17:55:08+08:00","message":"register route: \"PATCH  -> /article/<article_id>/Authorization\"."}
{"level":"debug","time":"2019-02-21T17:55:08+08:00","message":"register route: \"POST   -> /article/<art_id>/comment\"."}
{"level":"debug","time":"2019-02-21T17:55:08+08:00","message":"register route: \"POST   -> /article/comments/<com_id>/reply\"."}
{"level":"debug","time":"2019-02-21T17:55:08+08:00","message":"register route: \"GET    -> /article/<art_id>/comments\"."}
{"level":"debug","time":"2019-02-21T17:55:08+08:00","message":"register route: \"GET    -> /friend/users\"."}
{"level":"debug","cmd":"KEYS","elapsed":1.642144,"args":["goblog*"],"resp":"Resp(Resp(Str \"goblog:193f0aa1-c97e-4f7a-af45-0bee17f66ae5\") Resp(Str \"goblog:caba0e30-a6d8-4ab8-9a35-ec5459e462f6\"))","time":"2019-02-22T14:59:06+08:00","message":"redis command"}
{"level":"debug","cmd":"SCARD","elapsed":19.722583,"args":["goblog:goblog:193f0aa1-c97e-4f7a-af45-0bee17f66ae5"],"resp":"Resp(Int 0)","time":"2019-02-22T14:59:07+08:00","message":"redis command"}
